{"C:\\Users\\Administrator\\Desktop\\React\\Food Ordering Website\\src\\components\\Banner.js": {"path":"C:\\Users\\Administrator\\Desktop\\React\\Food Ordering Website\\src\\components\\Banner.js","statementMap":{"0":{"start":{"line":2,"column":15},"end":{"line":9,"column":1}},"1":{"start":{"line":3,"column":27},"end":{"line":3,"column":32}},"2":{"start":{"line":4,"column":4},"end":{"line":8,"column":5}}},"fnMap":{"0":{"name":"(anonymous_0)","decl":{"start":{"line":2,"column":15},"end":{"line":2,"column":16}},"loc":{"start":{"line":2,"column":26},"end":{"line":9,"column":1}},"line":2}},"branchMap":{},"s":{"0":1,"1":60,"2":60},"f":{"0":60},"b":{},"_coverageSchema":"1a1c01bbd47fc00a2c39e90264f33305004495a9","hash":"597c05f4a68d8c374b83acb88776ff8f62430617"}
,"C:\\Users\\Administrator\\Desktop\\React\\Food Ordering Website\\src\\components\\Body.js": {"path":"C:\\Users\\Administrator\\Desktop\\React\\Food Ordering Website\\src\\components\\Body.js","statementMap":{"0":{"start":{"line":10,"column":13},"end":{"line":120,"column":1}},"1":{"start":{"line":11,"column":54},"end":{"line":11,"column":66}},"2":{"start":{"line":12,"column":44},"end":{"line":12,"column":56}},"3":{"start":{"line":13,"column":46},"end":{"line":13,"column":58}},"4":{"start":{"line":14,"column":17},"end":{"line":14,"column":38}},"5":{"start":{"line":15,"column":4},"end":{"line":17,"column":11}},"6":{"start":{"line":16,"column":8},"end":{"line":16,"column":20}},"7":{"start":{"line":19,"column":22},"end":{"line":29,"column":5}},"8":{"start":{"line":20,"column":21},"end":{"line":24,"column":10}},"9":{"start":{"line":25,"column":21},"end":{"line":25,"column":38}},"10":{"start":{"line":26,"column":8},"end":{"line":26,"column":105}},"11":{"start":{"line":27,"column":8},"end":{"line":27,"column":100}},"12":{"start":{"line":28,"column":8},"end":{"line":28,"column":94}},"13":{"start":{"line":31,"column":4},"end":{"line":35,"column":5}},"14":{"start":{"line":32,"column":8},"end":{"line":34,"column":9}},"15":{"start":{"line":37,"column":4},"end":{"line":39,"column":5}},"16":{"start":{"line":38,"column":8},"end":{"line":38,"column":26}},"17":{"start":{"line":41,"column":4},"end":{"line":41,"column":30}},"18":{"start":{"line":42,"column":4},"end":{"line":119,"column":5}},"19":{"start":{"line":64,"column":24},"end":{"line":64,"column":70}},"20":{"start":{"line":71,"column":133},"end":{"line":71,"column":165}},"21":{"start":{"line":77,"column":47},"end":{"line":79,"column":30}},"22":{"start":{"line":78,"column":32},"end":{"line":78,"column":56}},"23":{"start":{"line":80,"column":28},"end":{"line":80,"column":58}},"24":{"start":{"line":84,"column":28},"end":{"line":84,"column":63}},"25":{"start":{"line":90,"column":44},"end":{"line":90,"column":88}},"26":{"start":{"line":91,"column":60},"end":{"line":93,"column":34}},"27":{"start":{"line":92,"column":36},"end":{"line":92,"column":93}},"28":{"start":{"line":94,"column":32},"end":{"line":96,"column":33}},"29":{"start":{"line":95,"column":36},"end":{"line":95,"column":55}},"30":{"start":{"line":97,"column":32},"end":{"line":97,"column":69}},"31":{"start":{"line":113,"column":28},"end":{"line":113,"column":83}}},"fnMap":{"0":{"name":"(anonymous_0)","decl":{"start":{"line":10,"column":13},"end":{"line":10,"column":14}},"loc":{"start":{"line":10,"column":19},"end":{"line":120,"column":1}},"line":10},"1":{"name":"(anonymous_1)","decl":{"start":{"line":15,"column":14},"end":{"line":15,"column":15}},"loc":{"start":{"line":15,"column":20},"end":{"line":17,"column":5}},"line":15},"2":{"name":"(anonymous_2)","decl":{"start":{"line":19,"column":22},"end":{"line":19,"column":23}},"loc":{"start":{"line":19,"column":34},"end":{"line":29,"column":5}},"line":19},"3":{"name":"(anonymous_3)","decl":{"start":{"line":63,"column":39},"end":{"line":63,"column":40}},"loc":{"start":{"line":64,"column":24},"end":{"line":64,"column":70}},"line":64},"4":{"name":"(anonymous_4)","decl":{"start":{"line":71,"column":127},"end":{"line":71,"column":128}},"loc":{"start":{"line":71,"column":133},"end":{"line":71,"column":165}},"line":71},"5":{"name":"(anonymous_5)","decl":{"start":{"line":76,"column":162},"end":{"line":76,"column":163}},"loc":{"start":{"line":76,"column":168},"end":{"line":81,"column":25}},"line":76},"6":{"name":"(anonymous_6)","decl":{"start":{"line":77,"column":72},"end":{"line":77,"column":73}},"loc":{"start":{"line":78,"column":32},"end":{"line":78,"column":56}},"line":78},"7":{"name":"(anonymous_7)","decl":{"start":{"line":83,"column":162},"end":{"line":83,"column":163}},"loc":{"start":{"line":83,"column":168},"end":{"line":85,"column":25}},"line":83},"8":{"name":"(anonymous_8)","decl":{"start":{"line":89,"column":101},"end":{"line":89,"column":102}},"loc":{"start":{"line":89,"column":107},"end":{"line":98,"column":29}},"line":89},"9":{"name":"(anonymous_9)","decl":{"start":{"line":91,"column":85},"end":{"line":91,"column":86}},"loc":{"start":{"line":92,"column":36},"end":{"line":92,"column":93}},"line":92},"10":{"name":"(anonymous_10)","decl":{"start":{"line":111,"column":42},"end":{"line":111,"column":43}},"loc":{"start":{"line":113,"column":28},"end":{"line":113,"column":83}},"line":113}},"branchMap":{"0":{"loc":{"start":{"line":31,"column":4},"end":{"line":35,"column":5}},"type":"if","locations":[{"start":{"line":31,"column":4},"end":{"line":35,"column":5}},{"start":{},"end":{}}],"line":31},"1":{"loc":{"start":{"line":37,"column":4},"end":{"line":39,"column":5}},"type":"if","locations":[{"start":{"line":37,"column":4},"end":{"line":39,"column":5}},{"start":{},"end":{}}],"line":37},"2":{"loc":{"start":{"line":94,"column":32},"end":{"line":96,"column":33}},"type":"if","locations":[{"start":{"line":94,"column":32},"end":{"line":96,"column":33}},{"start":{},"end":{}}],"line":94}},"s":{"0":1,"1":5,"2":5,"3":5,"4":5,"5":5,"6":2,"7":5,"8":2,"9":2,"10":2,"11":2,"12":2,"13":5,"14":0,"15":5,"16":2,"17":3,"18":3,"19":60,"20":0,"21":0,"22":0,"23":0,"24":0,"25":1,"26":1,"27":8,"28":1,"29":0,"30":1,"31":17},"f":{"0":5,"1":2,"2":2,"3":60,"4":0,"5":0,"6":0,"7":0,"8":1,"9":8,"10":17},"b":{"0":[0,5],"1":[2,3],"2":[0,1]},"_coverageSchema":"1a1c01bbd47fc00a2c39e90264f33305004495a9","hash":"3e1b2391d38490d8061ac5dec70775f1412709ca"}
,"C:\\Users\\Administrator\\Desktop\\React\\Food Ordering Website\\src\\components\\Cards.js": {"path":"C:\\Users\\Administrator\\Desktop\\React\\Food Ordering Website\\src\\components\\Cards.js","statementMap":{"0":{"start":{"line":4,"column":14},"end":{"line":23,"column":1}},"1":{"start":{"line":6,"column":22},"end":{"line":6,"column":27}},"2":{"start":{"line":7,"column":80},"end":{"line":7,"column":92}},"3":{"start":{"line":8,"column":4},"end":{"line":22,"column":5}}},"fnMap":{"0":{"name":"(anonymous_0)","decl":{"start":{"line":4,"column":14},"end":{"line":4,"column":15}},"loc":{"start":{"line":4,"column":25},"end":{"line":23,"column":1}},"line":4}},"branchMap":{},"s":{"0":2,"1":18,"2":18,"3":18},"f":{"0":18},"b":{},"_coverageSchema":"1a1c01bbd47fc00a2c39e90264f33305004495a9","hash":"629f9de62253c4ed1996335ff12ddda9a43dae14"}
,"C:\\Users\\Administrator\\Desktop\\React\\Food Ordering Website\\src\\components\\Cart.js": {"path":"C:\\Users\\Administrator\\Desktop\\React\\Food Ordering Website\\src\\components\\Cart.js","statementMap":{"0":{"start":{"line":6,"column":13},"end":{"line":23,"column":1}},"1":{"start":{"line":7,"column":22},"end":{"line":7,"column":62}},"2":{"start":{"line":7,"column":45},"end":{"line":7,"column":61}},"3":{"start":{"line":8,"column":21},"end":{"line":8,"column":34}},"4":{"start":{"line":9,"column":28},"end":{"line":11,"column":5}},"5":{"start":{"line":10,"column":8},"end":{"line":10,"column":30}},"6":{"start":{"line":13,"column":4},"end":{"line":22,"column":5}},"7":{"start":{"line":18,"column":20},"end":{"line":18,"column":58}}},"fnMap":{"0":{"name":"(anonymous_0)","decl":{"start":{"line":6,"column":13},"end":{"line":6,"column":14}},"loc":{"start":{"line":6,"column":19},"end":{"line":23,"column":1}},"line":6},"1":{"name":"(anonymous_1)","decl":{"start":{"line":7,"column":34},"end":{"line":7,"column":35}},"loc":{"start":{"line":7,"column":45},"end":{"line":7,"column":61}},"line":7},"2":{"name":"(anonymous_2)","decl":{"start":{"line":9,"column":28},"end":{"line":9,"column":29}},"loc":{"start":{"line":9,"column":32},"end":{"line":11,"column":5}},"line":9},"3":{"name":"(anonymous_3)","decl":{"start":{"line":17,"column":31},"end":{"line":17,"column":32}},"loc":{"start":{"line":18,"column":20},"end":{"line":18,"column":58}},"line":18}},"branchMap":{},"s":{"0":1,"1":2,"2":4,"3":2,"4":2,"5":0,"6":2,"7":1},"f":{"0":2,"1":4,"2":0,"3":1},"b":{},"_coverageSchema":"1a1c01bbd47fc00a2c39e90264f33305004495a9","hash":"c37b9213784b9ae5e6133af525a5fd1c95af6492"}
,"C:\\Users\\Administrator\\Desktop\\React\\Food Ordering Website\\src\\components\\Contact.js": {"path":"C:\\Users\\Administrator\\Desktop\\React\\Food Ordering Website\\src\\components\\Contact.js","statementMap":{"0":{"start":{"line":3,"column":16},"end":{"line":17,"column":1}},"1":{"start":{"line":5,"column":4},"end":{"line":7,"column":9}},"2":{"start":{"line":6,"column":8},"end":{"line":6,"column":41}},"3":{"start":{"line":9,"column":4},"end":{"line":16,"column":5}}},"fnMap":{"0":{"name":"(anonymous_0)","decl":{"start":{"line":3,"column":16},"end":{"line":3,"column":17}},"loc":{"start":{"line":3,"column":22},"end":{"line":17,"column":1}},"line":3},"1":{"name":"(anonymous_1)","decl":{"start":{"line":5,"column":14},"end":{"line":5,"column":15}},"loc":{"start":{"line":5,"column":18},"end":{"line":7,"column":5}},"line":5}},"branchMap":{},"s":{"0":1,"1":2,"2":2,"3":2},"f":{"0":2,"1":2},"b":{},"_coverageSchema":"1a1c01bbd47fc00a2c39e90264f33305004495a9","hash":"c97108e4b971588ca334405f46849474b6b612bc"}
,"C:\\Users\\Administrator\\Desktop\\React\\Food Ordering Website\\src\\components\\Header.js": {"path":"C:\\Users\\Administrator\\Desktop\\React\\Food Ordering Website\\src\\components\\Header.js","statementMap":{"0":{"start":{"line":7,"column":15},"end":{"line":39,"column":1}},"1":{"start":{"line":8,"column":30},"end":{"line":8,"column":47}},"2":{"start":{"line":9,"column":17},"end":{"line":9,"column":38}},"3":{"start":{"line":12,"column":22},"end":{"line":12,"column":62}},"4":{"start":{"line":12,"column":45},"end":{"line":12,"column":61}},"5":{"start":{"line":13,"column":4},"end":{"line":38,"column":5}},"6":{"start":{"line":32,"column":24},"end":{"line":33,"column":67}}},"fnMap":{"0":{"name":"(anonymous_0)","decl":{"start":{"line":7,"column":15},"end":{"line":7,"column":16}},"loc":{"start":{"line":7,"column":21},"end":{"line":39,"column":1}},"line":7},"1":{"name":"(anonymous_1)","decl":{"start":{"line":12,"column":34},"end":{"line":12,"column":35}},"loc":{"start":{"line":12,"column":45},"end":{"line":12,"column":61}},"line":12},"2":{"name":"(anonymous_2)","decl":{"start":{"line":31,"column":93},"end":{"line":31,"column":94}},"loc":{"start":{"line":31,"column":99},"end":{"line":34,"column":21}},"line":31}},"branchMap":{"0":{"loc":{"start":{"line":32,"column":24},"end":{"line":33,"column":66}},"type":"cond-expr","locations":[{"start":{"line":33,"column":28},"end":{"line":33,"column":46}},{"start":{"line":33,"column":49},"end":{"line":33,"column":66}}],"line":32}},"s":{"0":2,"1":5,"2":5,"3":5,"4":9,"5":5,"6":1},"f":{"0":5,"1":9,"2":1},"b":{"0":[1,0]},"_coverageSchema":"1a1c01bbd47fc00a2c39e90264f33305004495a9","hash":"1c52be6d7b19ad85712628ee8cc41d1ecfcd2389"}
,"C:\\Users\\Administrator\\Desktop\\React\\Food Ordering Website\\src\\components\\Menu.js": {"path":"C:\\Users\\Administrator\\Desktop\\React\\Food Ordering Website\\src\\components\\Menu.js","statementMap":{"0":{"start":{"line":5,"column":13},"end":{"line":35,"column":1}},"1":{"start":{"line":6,"column":73},"end":{"line":6,"column":96}},"2":{"start":{"line":7,"column":38},"end":{"line":7,"column":63}},"3":{"start":{"line":8,"column":21},"end":{"line":8,"column":34}},"4":{"start":{"line":9,"column":27},"end":{"line":11,"column":5}},"5":{"start":{"line":10,"column":8},"end":{"line":10,"column":33}},"6":{"start":{"line":13,"column":4},"end":{"line":33,"column":5}}},"fnMap":{"0":{"name":"(anonymous_0)","decl":{"start":{"line":5,"column":13},"end":{"line":5,"column":14}},"loc":{"start":{"line":5,"column":24},"end":{"line":35,"column":1}},"line":5},"1":{"name":"(anonymous_1)","decl":{"start":{"line":9,"column":27},"end":{"line":9,"column":28}},"loc":{"start":{"line":9,"column":31},"end":{"line":11,"column":5}},"line":9}},"branchMap":{"0":{"loc":{"start":{"line":18,"column":70},"end":{"line":18,"column":91}},"type":"binary-expr","locations":[{"start":{"line":18,"column":70},"end":{"line":18,"column":82}},{"start":{"line":18,"column":86},"end":{"line":18,"column":91}}],"line":18},"1":{"loc":{"start":{"line":20,"column":17},"end":{"line":24,"column":22}},"type":"binary-expr","locations":[{"start":{"line":20,"column":17},"end":{"line":20,"column":30}},{"start":{"line":20,"column":34},"end":{"line":24,"column":22}}],"line":20},"2":{"loc":{"start":{"line":30,"column":17},"end":{"line":30,"column":142}},"type":"cond-expr","locations":[{"start":{"line":30,"column":27},"end":{"line":30,"column":130}},{"start":{"line":30,"column":131},"end":{"line":30,"column":142}}],"line":30}},"s":{"0":1,"1":15,"2":15,"3":15,"4":15,"5":1,"6":15},"f":{"0":15,"1":1},"b":{"0":[15,15],"1":[15,14],"2":[15,0]},"_coverageSchema":"1a1c01bbd47fc00a2c39e90264f33305004495a9","hash":"806cf2b80e9a67033dd47d51f73493ccc14daa23"}
,"C:\\Users\\Administrator\\Desktop\\React\\Food Ordering Website\\src\\components\\MenuCatagory.js": {"path":"C:\\Users\\Administrator\\Desktop\\React\\Food Ordering Website\\src\\components\\MenuCatagory.js","statementMap":{"0":{"start":{"line":4,"column":21},"end":{"line":31,"column":1}},"1":{"start":{"line":5,"column":46},"end":{"line":5,"column":51}},"2":{"start":{"line":6,"column":21},"end":{"line":6,"column":48}},"3":{"start":{"line":7,"column":22},"end":{"line":7,"column":45}},"4":{"start":{"line":11,"column":24},"end":{"line":13,"column":5}},"5":{"start":{"line":12,"column":8},"end":{"line":12,"column":27}},"6":{"start":{"line":15,"column":4},"end":{"line":30,"column":5}},"7":{"start":{"line":25,"column":24},"end":{"line":25,"column":71}}},"fnMap":{"0":{"name":"(anonymous_0)","decl":{"start":{"line":4,"column":21},"end":{"line":4,"column":22}},"loc":{"start":{"line":4,"column":32},"end":{"line":31,"column":1}},"line":4},"1":{"name":"(anonymous_1)","decl":{"start":{"line":11,"column":24},"end":{"line":11,"column":25}},"loc":{"start":{"line":11,"column":28},"end":{"line":13,"column":5}},"line":11},"2":{"name":"(anonymous_2)","decl":{"start":{"line":24,"column":33},"end":{"line":24,"column":34}},"loc":{"start":{"line":25,"column":24},"end":{"line":25,"column":71}},"line":25}},"branchMap":{"0":{"loc":{"start":{"line":23,"column":17},"end":{"line":27,"column":17}},"type":"binary-expr","locations":[{"start":{"line":23,"column":18},"end":{"line":23,"column":37}},{"start":{"line":23,"column":43},"end":{"line":23,"column":48}},{"start":{"line":24,"column":20},"end":{"line":26,"column":22}}],"line":23}},"s":{"0":1,"1":17,"2":17,"3":17,"4":17,"5":0,"6":17,"7":14},"f":{"0":17,"1":0,"2":14},"b":{"0":[17,17,1]},"_coverageSchema":"1a1c01bbd47fc00a2c39e90264f33305004495a9","hash":"04fb23d5ba2c3d57a6f9866193d36b4752f251f2"}
,"C:\\Users\\Administrator\\Desktop\\React\\Food Ordering Website\\src\\components\\MenuShimmer.js": {"path":"C:\\Users\\Administrator\\Desktop\\React\\Food Ordering Website\\src\\components\\MenuShimmer.js","statementMap":{"0":{"start":{"line":1,"column":20},"end":{"line":12,"column":1}},"1":{"start":{"line":2,"column":4},"end":{"line":11,"column":5}}},"fnMap":{"0":{"name":"(anonymous_0)","decl":{"start":{"line":1,"column":20},"end":{"line":1,"column":21}},"loc":{"start":{"line":1,"column":26},"end":{"line":12,"column":1}},"line":1}},"branchMap":{},"s":{"0":1,"1":1},"f":{"0":1},"b":{},"_coverageSchema":"1a1c01bbd47fc00a2c39e90264f33305004495a9","hash":"7f4919fd371784fb372f3247ab592393bc42b65b"}
,"C:\\Users\\Administrator\\Desktop\\React\\Food Ordering Website\\src\\components\\RestaurantMenu.js": {"path":"C:\\Users\\Administrator\\Desktop\\React\\Food Ordering Website\\src\\components\\RestaurantMenu.js","statementMap":{"0":{"start":{"line":9,"column":23},"end":{"line":66,"column":1}},"1":{"start":{"line":10,"column":46},"end":{"line":10,"column":57}},"2":{"start":{"line":11,"column":22},"end":{"line":11,"column":33}},"3":{"start":{"line":24,"column":20},"end":{"line":24,"column":44}},"4":{"start":{"line":26,"column":4},"end":{"line":26,"column":48}},"5":{"start":{"line":26,"column":26},"end":{"line":26,"column":48}},"6":{"start":{"line":28,"column":91},"end":{"line":28,"column":126}},"7":{"start":{"line":30,"column":27},"end":{"line":32,"column":5}},"8":{"start":{"line":31,"column":8},"end":{"line":31,"column":101}},"9":{"start":{"line":34,"column":4},"end":{"line":65,"column":5}},"10":{"start":{"line":57,"column":16},"end":{"line":60,"column":20}},"11":{"start":{"line":59,"column":20},"end":{"line":59,"column":93}}},"fnMap":{"0":{"name":"(anonymous_0)","decl":{"start":{"line":9,"column":23},"end":{"line":9,"column":24}},"loc":{"start":{"line":9,"column":29},"end":{"line":66,"column":1}},"line":9},"1":{"name":"(anonymous_1)","decl":{"start":{"line":30,"column":95},"end":{"line":30,"column":96}},"loc":{"start":{"line":31,"column":8},"end":{"line":31,"column":101}},"line":31},"2":{"name":"(anonymous_2)","decl":{"start":{"line":56,"column":32},"end":{"line":56,"column":33}},"loc":{"start":{"line":57,"column":16},"end":{"line":60,"column":20}},"line":57},"3":{"name":"(anonymous_3)","decl":{"start":{"line":57,"column":108},"end":{"line":57,"column":109}},"loc":{"start":{"line":57,"column":114},"end":{"line":60,"column":17}},"line":57}},"branchMap":{"0":{"loc":{"start":{"line":26,"column":4},"end":{"line":26,"column":48}},"type":"if","locations":[{"start":{"line":26,"column":4},"end":{"line":26,"column":48}},{"start":{},"end":{}}],"line":26},"1":{"loc":{"start":{"line":59,"column":20},"end":{"line":59,"column":92}},"type":"cond-expr","locations":[{"start":{"line":59,"column":46},"end":{"line":59,"column":66}},{"start":{"line":59,"column":69},"end":{"line":59,"column":92}}],"line":59}},"s":{"0":1,"1":2,"2":2,"3":2,"4":2,"5":1,"6":1,"7":1,"8":22,"9":1,"10":17,"11":0},"f":{"0":2,"1":22,"2":17,"3":0},"b":{"0":[1,1],"1":[0,0]},"_coverageSchema":"1a1c01bbd47fc00a2c39e90264f33305004495a9","hash":"55852dfcc92c293016d3f1631d55847a61202f6a"}
,"C:\\Users\\Administrator\\Desktop\\React\\Food Ordering Website\\src\\components\\Shimmer.js": {"path":"C:\\Users\\Administrator\\Desktop\\React\\Food Ordering Website\\src\\components\\Shimmer.js","statementMap":{"0":{"start":{"line":1,"column":16},"end":{"line":14,"column":1}},"1":{"start":{"line":2,"column":4},"end":{"line":13,"column":5}}},"fnMap":{"0":{"name":"(anonymous_0)","decl":{"start":{"line":1,"column":16},"end":{"line":1,"column":17}},"loc":{"start":{"line":1,"column":22},"end":{"line":14,"column":1}},"line":1}},"branchMap":{},"s":{"0":1,"1":2},"f":{"0":2},"b":{},"_coverageSchema":"1a1c01bbd47fc00a2c39e90264f33305004495a9","hash":"c693a9597fc1cfca7152733c4e0da4f98876fc4c"}
,"C:\\Users\\Administrator\\Desktop\\React\\Food Ordering Website\\src\\components\\UserContact.js": {"path":"C:\\Users\\Administrator\\Desktop\\React\\Food Ordering Website\\src\\components\\UserContact.js","statementMap":{"0":{"start":{"line":2,"column":20},"end":{"line":14,"column":1}},"1":{"start":{"line":3,"column":4},"end":{"line":6,"column":9}},"2":{"start":{"line":5,"column":8},"end":{"line":5,"column":45}},"3":{"start":{"line":9,"column":4},"end":{"line":9,"column":34}},"4":{"start":{"line":11,"column":4},"end":{"line":13,"column":5}}},"fnMap":{"0":{"name":"(anonymous_0)","decl":{"start":{"line":2,"column":20},"end":{"line":2,"column":21}},"loc":{"start":{"line":2,"column":29},"end":{"line":14,"column":1}},"line":2},"1":{"name":"(anonymous_1)","decl":{"start":{"line":3,"column":14},"end":{"line":3,"column":15}},"loc":{"start":{"line":3,"column":18},"end":{"line":6,"column":5}},"line":3}},"branchMap":{},"s":{"0":1,"1":4,"2":4,"3":4,"4":4},"f":{"0":4,"1":4},"b":{},"_coverageSchema":"1a1c01bbd47fc00a2c39e90264f33305004495a9","hash":"3b060792e5985b06553e114cf248484ba345c9a9"}
,"C:\\Users\\Administrator\\Desktop\\React\\Food Ordering Website\\src\\components\\sum.js": {"path":"C:\\Users\\Administrator\\Desktop\\React\\Food Ordering Website\\src\\components\\sum.js","statementMap":{"0":{"start":{"line":1,"column":12},"end":{"line":3,"column":1}},"1":{"start":{"line":2,"column":4},"end":{"line":2,"column":17}}},"fnMap":{"0":{"name":"(anonymous_0)","decl":{"start":{"line":1,"column":12},"end":{"line":1,"column":13}},"loc":{"start":{"line":1,"column":22},"end":{"line":3,"column":1}},"line":1}},"branchMap":{},"s":{"0":1,"1":1},"f":{"0":1},"b":{},"_coverageSchema":"1a1c01bbd47fc00a2c39e90264f33305004495a9","hash":"64e121032b1d62312322132b17a4b581ea798ec9"}
,"C:\\Users\\Administrator\\Desktop\\React\\Food Ordering Website\\src\\utils\\MyContext.js": {"path":"C:\\Users\\Administrator\\Desktop\\React\\Food Ordering Website\\src\\utils\\MyContext.js","statementMap":{"0":{"start":{"line":3,"column":18},"end":{"line":5,"column":2}}},"fnMap":{},"branchMap":{},"s":{"0":3},"f":{},"b":{},"_coverageSchema":"1a1c01bbd47fc00a2c39e90264f33305004495a9","hash":"9565e27d6016031877dc066781ad384a098f0d77"}
,"C:\\Users\\Administrator\\Desktop\\React\\Food Ordering Website\\src\\utils\\appStore.js": {"path":"C:\\Users\\Administrator\\Desktop\\React\\Food Ordering Website\\src\\utils\\appStore.js","statementMap":{"0":{"start":{"line":4,"column":17},"end":{"line":8,"column":2}}},"fnMap":{},"branchMap":{},"s":{"0":2},"f":{},"b":{},"_coverageSchema":"1a1c01bbd47fc00a2c39e90264f33305004495a9","hash":"a5b06e64a5deaeadaed1e837d703ec354c45907a"}
,"C:\\Users\\Administrator\\Desktop\\React\\Food Ordering Website\\src\\utils\\cartSlice.js": {"path":"C:\\Users\\Administrator\\Desktop\\React\\Food Ordering Website\\src\\utils\\cartSlice.js","statementMap":{"0":{"start":{"line":3,"column":18},"end":{"line":21,"column":2}},"1":{"start":{"line":10,"column":12},"end":{"line":10,"column":45}},"2":{"start":{"line":13,"column":12},"end":{"line":13,"column":30}},"3":{"start":{"line":18,"column":12},"end":{"line":18,"column":31}},"4":{"start":{"line":23,"column":50},"end":{"line":23,"column":67}}},"fnMap":{"0":{"name":"(anonymous_0)","decl":{"start":{"line":9,"column":17},"end":{"line":9,"column":18}},"loc":{"start":{"line":9,"column":36},"end":{"line":11,"column":9}},"line":9},"1":{"name":"(anonymous_1)","decl":{"start":{"line":12,"column":20},"end":{"line":12,"column":21}},"loc":{"start":{"line":12,"column":39},"end":{"line":14,"column":9}},"line":12},"2":{"name":"(anonymous_2)","decl":{"start":{"line":15,"column":19},"end":{"line":15,"column":20}},"loc":{"start":{"line":15,"column":37},"end":{"line":19,"column":9}},"line":15}},"branchMap":{},"s":{"0":2,"1":1,"2":0,"3":0,"4":2},"f":{"0":1,"1":0,"2":0},"b":{},"_coverageSchema":"1a1c01bbd47fc00a2c39e90264f33305004495a9","hash":"d5d3b8e5bbe46517505e36b67b66000e30db36b3"}
,"C:\\Users\\Administrator\\Desktop\\React\\Food Ordering Website\\src\\utils\\constants.js": {"path":"C:\\Users\\Administrator\\Desktop\\React\\Food Ordering Website\\src\\utils\\constants.js","statementMap":{"0":{"start":{"line":1,"column":23},"end":{"line":1,"column":106}},"1":{"start":{"line":3,"column":24},"end":{"line":3,"column":130}},"2":{"start":{"line":5,"column":30},"end":{"line":5,"column":119}},"3":{"start":{"line":7,"column":19},"end":{"line":7,"column":175}},"4":{"start":{"line":9,"column":29},"end":{"line":9,"column":124}},"5":{"start":{"line":11,"column":28},"end":{"line":11,"column":169}}},"fnMap":{},"branchMap":{},"s":{"0":4,"1":4,"2":4,"3":4,"4":4,"5":4},"f":{},"b":{},"_coverageSchema":"1a1c01bbd47fc00a2c39e90264f33305004495a9","hash":"ab1cd9ced5fd98af5f4501f3f7a329dd71abd79c"}
,"C:\\Users\\Administrator\\Desktop\\React\\Food Ordering Website\\src\\utils\\useOnlineStatus.js": {"path":"C:\\Users\\Administrator\\Desktop\\React\\Food Ordering Website\\src\\utils\\useOnlineStatus.js","statementMap":{"0":{"start":{"line":1,"column":32},"end":{"line":1,"column":48}},"1":{"start":{"line":3,"column":24},"end":{"line":16,"column":1}},"2":{"start":{"line":4,"column":44},"end":{"line":4,"column":58}},"3":{"start":{"line":6,"column":4},"end":{"line":13,"column":11}},"4":{"start":{"line":7,"column":8},"end":{"line":9,"column":10}},"5":{"start":{"line":8,"column":12},"end":{"line":8,"column":35}},"6":{"start":{"line":10,"column":8},"end":{"line":12,"column":10}},"7":{"start":{"line":11,"column":12},"end":{"line":11,"column":34}},"8":{"start":{"line":15,"column":4},"end":{"line":15,"column":24}}},"fnMap":{"0":{"name":"(anonymous_0)","decl":{"start":{"line":3,"column":24},"end":{"line":3,"column":25}},"loc":{"start":{"line":3,"column":30},"end":{"line":16,"column":1}},"line":3},"1":{"name":"(anonymous_1)","decl":{"start":{"line":6,"column":14},"end":{"line":6,"column":15}},"loc":{"start":{"line":6,"column":20},"end":{"line":13,"column":5}},"line":6},"2":{"name":"(anonymous_2)","decl":{"start":{"line":7,"column":43},"end":{"line":7,"column":44}},"loc":{"start":{"line":7,"column":49},"end":{"line":9,"column":9}},"line":7},"3":{"name":"(anonymous_3)","decl":{"start":{"line":10,"column":42},"end":{"line":10,"column":43}},"loc":{"start":{"line":10,"column":48},"end":{"line":12,"column":9}},"line":10}},"branchMap":{},"s":{"0":1,"1":1,"2":5,"3":5,"4":2,"5":0,"6":2,"7":0,"8":5},"f":{"0":5,"1":2,"2":0,"3":0},"b":{},"_coverageSchema":"1a1c01bbd47fc00a2c39e90264f33305004495a9","hash":"ef608abcf38fd9f37699a6869c0c3e9039e9aa9e"}
,"C:\\Users\\Administrator\\Desktop\\React\\Food Ordering Website\\src\\utils\\useRestaurantMenu.js": {"path":"C:\\Users\\Administrator\\Desktop\\React\\Food Ordering Website\\src\\utils\\useRestaurantMenu.js","statementMap":{"0":{"start":{"line":4,"column":26},"end":{"line":22,"column":1}},"1":{"start":{"line":5,"column":34},"end":{"line":5,"column":48}},"2":{"start":{"line":7,"column":4},"end":{"line":9,"column":10}},"3":{"start":{"line":8,"column":8},"end":{"line":8,"column":20}},"4":{"start":{"line":11,"column":22},"end":{"line":19,"column":5}},"5":{"start":{"line":12,"column":21},"end":{"line":16,"column":12}},"6":{"start":{"line":17,"column":21},"end":{"line":17,"column":38}},"7":{"start":{"line":18,"column":8},"end":{"line":18,"column":31}},"8":{"start":{"line":21,"column":4},"end":{"line":21,"column":19}}},"fnMap":{"0":{"name":"(anonymous_0)","decl":{"start":{"line":4,"column":26},"end":{"line":4,"column":27}},"loc":{"start":{"line":4,"column":35},"end":{"line":22,"column":1}},"line":4},"1":{"name":"(anonymous_1)","decl":{"start":{"line":7,"column":14},"end":{"line":7,"column":15}},"loc":{"start":{"line":7,"column":18},"end":{"line":9,"column":5}},"line":7},"2":{"name":"(anonymous_2)","decl":{"start":{"line":11,"column":22},"end":{"line":11,"column":23}},"loc":{"start":{"line":11,"column":32},"end":{"line":19,"column":5}},"line":11}},"branchMap":{},"s":{"0":1,"1":2,"2":2,"3":1,"4":2,"5":1,"6":1,"7":1,"8":2},"f":{"0":2,"1":1,"2":1},"b":{},"_coverageSchema":"1a1c01bbd47fc00a2c39e90264f33305004495a9","hash":"081ecdcbb468252bf760d5e220a556f975a0b188"}
}
