TN:
SF:src\components\Banner.js
FN:2,(anonymous_0)
FNF:1
FNH:1
FNDA:60,(anonymous_0)
DA:2,1
DA:3,60
DA:4,60
LF:3
LH:3
BRF:0
BRH:0
end_of_record
TN:
SF:src\components\Body.js
FN:10,(anonymous_0)
FN:15,(anonymous_1)
FN:19,(anonymous_2)
FN:63,(anonymous_3)
FN:71,(anonymous_4)
FN:76,(anonymous_5)
FN:77,(anonymous_6)
FN:83,(anonymous_7)
FN:89,(anonymous_8)
FN:91,(anonymous_9)
FN:111,(anonymous_10)
FNF:11
FNH:7
FNDA:5,(anonymous_0)
FNDA:2,(anonymous_1)
FNDA:2,(anonymous_2)
FNDA:60,(anonymous_3)
FNDA:0,(anonymous_4)
FNDA:0,(anonymous_5)
FNDA:0,(anonymous_6)
FNDA:0,(anonymous_7)
FNDA:1,(anonymous_8)
FNDA:8,(anonymous_9)
FNDA:17,(anonymous_10)
DA:10,1
DA:11,5
DA:12,5
DA:13,5
DA:14,5
DA:15,5
DA:16,2
DA:19,5
DA:20,2
DA:25,2
DA:26,2
DA:27,2
DA:28,2
DA:31,5
DA:32,0
DA:37,5
DA:38,2
DA:41,3
DA:42,3
DA:64,60
DA:71,0
DA:77,0
DA:78,0
DA:80,0
DA:84,0
DA:90,1
DA:91,1
DA:92,8
DA:94,1
DA:95,0
DA:97,1
DA:113,17
LF:32
LH:25
BRDA:31,0,0,0
BRDA:31,0,1,5
BRDA:37,1,0,2
BRDA:37,1,1,3
BRDA:94,2,0,0
BRDA:94,2,1,1
BRF:6
BRH:4
end_of_record
TN:
SF:src\components\Cards.js
FN:4,(anonymous_0)
FNF:1
FNH:1
FNDA:18,(anonymous_0)
DA:4,2
DA:6,18
DA:7,18
DA:8,18
LF:4
LH:4
BRF:0
BRH:0
end_of_record
TN:
SF:src\components\Cart.js
FN:6,(anonymous_0)
FN:7,(anonymous_1)
FN:9,(anonymous_2)
FN:17,(anonymous_3)
FNF:4
FNH:3
FNDA:2,(anonymous_0)
FNDA:4,(anonymous_1)
FNDA:0,(anonymous_2)
FNDA:1,(anonymous_3)
DA:6,1
DA:7,4
DA:8,2
DA:9,2
DA:10,0
DA:13,2
DA:18,1
LF:7
LH:6
BRF:0
BRH:0
end_of_record
TN:
SF:src\components\Contact.js
FN:3,(anonymous_0)
FN:5,(anonymous_1)
FNF:2
FNH:2
FNDA:2,(anonymous_0)
FNDA:2,(anonymous_1)
DA:3,1
DA:5,2
DA:6,2
DA:9,2
LF:4
LH:4
BRF:0
BRH:0
end_of_record
TN:
SF:src\components\Header.js
FN:7,(anonymous_0)
FN:12,(anonymous_1)
FN:31,(anonymous_2)
FNF:3
FNH:3
FNDA:5,(anonymous_0)
FNDA:9,(anonymous_1)
FNDA:1,(anonymous_2)
DA:7,2
DA:8,5
DA:9,5
DA:12,9
DA:13,5
DA:32,1
LF:6
LH:6
BRDA:32,0,0,1
BRDA:32,0,1,0
BRF:2
BRH:1
end_of_record
TN:
SF:src\components\Menu.js
FN:5,(anonymous_0)
FN:9,(anonymous_1)
FNF:2
FNH:2
FNDA:15,(anonymous_0)
FNDA:1,(anonymous_1)
DA:5,1
DA:6,15
DA:7,15
DA:8,15
DA:9,15
DA:10,1
DA:13,15
LF:7
LH:7
BRDA:18,0,0,15
BRDA:18,0,1,15
BRDA:20,1,0,15
BRDA:20,1,1,14
BRDA:30,2,0,15
BRDA:30,2,1,0
BRF:6
BRH:5
end_of_record
TN:
SF:src\components\MenuCatagory.js
FN:4,(anonymous_0)
FN:11,(anonymous_1)
FN:24,(anonymous_2)
FNF:3
FNH:2
FNDA:17,(anonymous_0)
FNDA:0,(anonymous_1)
FNDA:14,(anonymous_2)
DA:4,1
DA:5,17
DA:6,17
DA:7,17
DA:11,17
DA:12,0
DA:15,17
DA:25,14
LF:8
LH:7
BRDA:23,0,0,17
BRDA:23,0,1,17
BRDA:23,0,2,1
BRF:3
BRH:3
end_of_record
TN:
SF:src\components\MenuShimmer.js
FN:1,(anonymous_0)
FNF:1
FNH:1
FNDA:1,(anonymous_0)
DA:1,1
DA:2,1
LF:2
LH:2
BRF:0
BRH:0
end_of_record
TN:
SF:src\components\RestaurantMenu.js
FN:9,(anonymous_0)
FN:30,(anonymous_1)
FN:56,(anonymous_2)
FN:57,(anonymous_3)
FNF:4
FNH:3
FNDA:2,(anonymous_0)
FNDA:22,(anonymous_1)
FNDA:17,(anonymous_2)
FNDA:0,(anonymous_3)
DA:9,1
DA:10,2
DA:11,2
DA:24,2
DA:26,2
DA:28,1
DA:30,1
DA:31,22
DA:34,1
DA:57,17
DA:59,0
LF:11
LH:10
BRDA:26,0,0,1
BRDA:26,0,1,1
BRDA:59,1,0,0
BRDA:59,1,1,0
BRF:4
BRH:2
end_of_record
TN:
SF:src\components\Shimmer.js
FN:1,(anonymous_0)
FNF:1
FNH:1
FNDA:2,(anonymous_0)
DA:1,1
DA:2,2
LF:2
LH:2
BRF:0
BRH:0
end_of_record
TN:
SF:src\components\UserContact.js
FN:2,(anonymous_0)
FN:3,(anonymous_1)
FNF:2
FNH:2
FNDA:4,(anonymous_0)
FNDA:4,(anonymous_1)
DA:2,1
DA:3,4
DA:5,4
DA:9,4
DA:11,4
LF:5
LH:5
BRF:0
BRH:0
end_of_record
TN:
SF:src\components\sum.js
FN:1,(anonymous_0)
FNF:1
FNH:1
FNDA:1,(anonymous_0)
DA:1,1
DA:2,1
LF:2
LH:2
BRF:0
BRH:0
end_of_record
TN:
SF:src\utils\MyContext.js
FNF:0
FNH:0
DA:3,3
LF:1
LH:1
BRF:0
BRH:0
end_of_record
TN:
SF:src\utils\appStore.js
FNF:0
FNH:0
DA:4,2
LF:1
LH:1
BRF:0
BRH:0
end_of_record
TN:
SF:src\utils\cartSlice.js
FN:9,(anonymous_0)
FN:12,(anonymous_1)
FN:15,(anonymous_2)
FNF:3
FNH:1
FNDA:1,(anonymous_0)
FNDA:0,(anonymous_1)
FNDA:0,(anonymous_2)
DA:3,2
DA:10,1
DA:13,0
DA:18,0
DA:23,2
LF:5
LH:3
BRF:0
BRH:0
end_of_record
TN:
SF:src\utils\constants.js
FNF:0
FNH:0
DA:1,4
DA:3,4
DA:5,4
DA:7,4
DA:9,4
DA:11,4
LF:6
LH:6
BRF:0
BRH:0
end_of_record
TN:
SF:src\utils\useOnlineStatus.js
FN:3,(anonymous_0)
FN:6,(anonymous_1)
FN:7,(anonymous_2)
FN:10,(anonymous_3)
FNF:4
FNH:2
FNDA:5,(anonymous_0)
FNDA:2,(anonymous_1)
FNDA:0,(anonymous_2)
FNDA:0,(anonymous_3)
DA:1,1
DA:3,1
DA:4,5
DA:6,5
DA:7,2
DA:8,0
DA:10,2
DA:11,0
DA:15,5
LF:9
LH:7
BRF:0
BRH:0
end_of_record
TN:
SF:src\utils\useRestaurantMenu.js
FN:4,(anonymous_0)
FN:7,(anonymous_1)
FN:11,(anonymous_2)
FNF:3
FNH:3
FNDA:2,(anonymous_0)
FNDA:1,(anonymous_1)
FNDA:1,(anonymous_2)
DA:4,1
DA:5,2
DA:7,2
DA:8,1
DA:11,2
DA:12,1
DA:17,1
DA:18,1
DA:21,2
LF:9
LH:9
BRF:0
BRH:0
end_of_record
